Arguments: 
  /usr/local/Cellar/node/8.6.0/bin/node /usr/local/Cellar/yarn/1.1.0/libexec/bin/yarn.js publish

PATH: 
  /Users/cborja/usr/local/Caskroom/android-sdk/3859397,26.0.2/platform-tools/abd:/Users/cborja/usr/local/Caskroom/android-sdk/3859397,26.0.2/platform-tools:/Users/cborja/usr/local/Caskroom/android-sdk/3859397,26.0.2:/Users/cborja/Library/Python/3.6/bin:/usr/local/bin:/usr/bin:/bin:/usr/sbin:/sbin

Yarn version: 
  1.1.0

Node version: 
  8.6.0

Platform: 
  darwin x64

npm manifest: 
  {
    "name": "react-native-calendars",
    "version": "1.11.1",
    "main": "src/index.js",
    "description": "React Native Calendar Components",
    "scripts": {
      "test": "jasmine src/*.spec.js && npm run lint",
      "lint": "eslint src/ example/src"
    },
    "repository": {
      "type": "git",
      "url": "git+https://github.com/wix/react-native-calendars"
    },
    "publishConfig": {
      "registry": "https://registry.npmjs.org/"
    },
    "author": "Wix.com",
    "license": "MIT",
    "dependencies": {
      "prop-types": "^15.5.10",
      "xdate": "^0.8.0"
    },
    "devDependencies": {
      "babel-eslint": "^7.2.3",
      "eslint": "^3.19.0",
      "eslint-plugin-react": "^7.0.0",
      "jasmine": "^2.5.2",
      "react": "16.0.0-alpha.12",
      "react-native": "0.47.2"
    }
  }

yarn manifest: 
  No manifest

Lockfile: 
  No lockfile

Trace: 
  Error: https://registry.yarnpkg.com/react-native-calendars: You do not have permission to publish "react-native-calendars". Are you logged in as the correct user?
      at Request.params.callback [as _callback] (/usr/local/Cellar/yarn/1.1.0/libexec/lib/cli.js:61779:18)
      at Request.self.callback (/usr/local/Cellar/yarn/1.1.0/libexec/lib/cli.js:121917:22)
      at emitTwo (events.js:125:13)
      at Request.emit (events.js:213:7)
      at Request.<anonymous> (/usr/local/Cellar/yarn/1.1.0/libexec/lib/cli.js:122900:10)
      at emitOne (events.js:115:13)
      at Request.emit (events.js:210:7)
      at Gunzip.<anonymous> (/usr/local/Cellar/yarn/1.1.0/libexec/lib/cli.js:122820:12)
      at Object.onceWrapper (events.js:314:30)
      at emitNone (events.js:110:20)
